<?xml version="1.0" encoding="UTF-8"?>
<testsuite xmlns:xsi="http://www.w3.org/2001/XMLSchema-instance" xsi:noNamespaceSchemaLocation="https://maven.apache.org/surefire/maven-surefire-plugin/xsd/surefire-test-report-3.0.xsd" version="3.0" name="com.kgisl.student.StudentoneTest" time="0.065" tests="5" errors="0" skipped="0" failures="0">
  <properties>
[...]
</properties>
  <testcase name="T3newStudentTest" classname="com.kgisl.student.StudentoneTest" time="0.016"/>
  <testcase name="T4updateStudentTest" classname="com.kgisl.student.StudentoneTest" time="0.001"/>
  <testcase name="T2getStudentTest" classname="com.kgisl.student.StudentoneTest" time="0.001"/>
  <testcase name="T5removeStudentTest" classname="com.kgisl.student.StudentoneTest" time="0.002"/>
  <testcase name="T1getAllStudentsTest" classname="com.kgisl.student.StudentoneTest" time="0"/>
</testsuite>